{
  "stats": {
    "suites": 1,
    "tests": 1,
    "passes": 1,
    "pending": 0,
    "failures": 0,
    "start": "2025-08-01T00:04:57.644Z",
    "end": "2025-08-01T00:05:11.664Z",
    "duration": 14020,
    "testsRegistered": 1,
    "passPercent": 100,
    "pendingPercent": 0,
    "other": 0,
    "hasOther": false,
    "skipped": 0,
    "hasSkipped": false
  },
  "results": [
    {
      "uuid": "3e7f7708-a868-4feb-b985-f24cfa2b4182",
      "title": "",
      "fullFile": "cypress\\e2e\\UI-AutomationExercise\\screenshotScrolling.cy.js",
      "file": "cypress\\e2e\\UI-AutomationExercise\\screenshotScrolling.cy.js",
      "beforeHooks": [],
      "afterHooks": [],
      "tests": [],
      "suites": [
        {
          "uuid": "88c77b99-8715-4775-a96c-4e673c4d4639",
          "title": "Scroll and take screenshots",
          "fullFile": "",
          "file": "",
          "beforeHooks": [],
          "afterHooks": [],
          "tests": [
            {
              "title": "Takes screenshots while scrolling the products page",
              "fullTitle": "Scroll and take screenshots Takes screenshots while scrolling the products page",
              "timedOut": null,
              "duration": 7737,
              "state": "passed",
              "speed": "medium",
              "pass": true,
              "fail": false,
              "pending": false,
              "context": "[\n  {\n    \"title\": \"cypress-mochawesome-reporter-videos-passed\",\n    \"value\": \"cypress\\\\e2e\\\\UI-AutomationExercise\\\\screenshotScrolling.cy.js\"\n  },\n  {\n    \"title\": \"cypress-mochawesome-reporter-screenshots\",\n    \"value\": [\n      [\n        \"\\\\screenshotScrolling.cy.js\\\\[object Object]-08-01-25_2025-08-01_08-05-08.png\"\n      ]\n    ]\n  }\n]",
              "code": "cy.visit('https://www.automationexercise.com/products');\ncy.scrollAndScreenshot(productsData);",
              "err": {},
              "uuid": "6bd3ad6e-70cc-41b3-b05d-f601fe318bf1",
              "parentUUID": "88c77b99-8715-4775-a96c-4e673c4d4639",
              "isHook": false,
              "skipped": false
            }
          ],
          "suites": [],
          "passes": [
            "6bd3ad6e-70cc-41b3-b05d-f601fe318bf1"
          ],
          "failures": [],
          "pending": [],
          "skipped": [],
          "duration": 7737,
          "root": false,
          "rootEmpty": false,
          "_timeout": 2000
        }
      ],
      "passes": [],
      "failures": [],
      "pending": [],
      "skipped": [],
      "duration": 0,
      "root": true,
      "rootEmpty": true,
      "_timeout": 2000
    }
  ],
  "meta": {
    "mocha": {
      "version": "7.2.0"
    },
    "mochawesome": {
      "options": {
        "quiet": false,
        "reportFilename": "Cypress Execution Test Report-2025-07-31T23-48-42-482Z",
        "saveHtml": false,
        "saveJson": true,
        "consoleReporter": "spec",
        "useInlineDiffs": false,
        "code": true
      },
      "version": "7.1.3"
    },
    "marge": {
      "options": {
        "charts": true,
        "reportPageTitle": "Test Execution Report",
        "embeddedScreenshots": true,
        "inlineAssets": true,
        "saveAllAttempts": false,
        "reportDir": "cypress\\reports\\.jsons",
        "reportFilename": "Cypress Execution Test Report-2025-07-31T23-48-42-482Z",
        "overwrite": false,
        "html": false,
        "json": true,
        "timestamp": "mmddyyyy_HHMMss",
        "autoOpen": true
      },
      "version": "6.2.0"
    }
  }
}