{
  "stats": {
    "suites": 1,
    "tests": 6,
    "passes": 6,
    "pending": 0,
    "failures": 0,
    "start": "2025-08-01T00:04:00.202Z",
    "end": "2025-08-01T00:04:22.374Z",
    "duration": 22172,
    "testsRegistered": 6,
    "passPercent": 100,
    "pendingPercent": 0,
    "other": 0,
    "hasOther": false,
    "skipped": 0,
    "hasSkipped": false
  },
  "results": [
    {
      "uuid": "11f77fff-23dd-4a90-8582-a2f1d0034490",
      "title": "",
      "fullFile": "cypress\\e2e\\UI-AutomationExercise\\removeProducts.cy.js",
      "file": "cypress\\e2e\\UI-AutomationExercise\\removeProducts.cy.js",
      "beforeHooks": [],
      "afterHooks": [],
      "tests": [],
      "suites": [
        {
          "uuid": "00cdce7e-13d4-4cdf-b4ec-40daa0802767",
          "title": "Remove Products",
          "fullFile": "",
          "file": "",
          "beforeHooks": [],
          "afterHooks": [],
          "tests": [
            {
              "title": "Verify List of Products are visible",
              "fullTitle": "Remove Products Verify List of Products are visible",
              "timedOut": null,
              "duration": 11370,
              "state": "passed",
              "speed": "slow",
              "pass": true,
              "fail": false,
              "pending": false,
              "context": "[\n  {\n    \"title\": \"cypress-mochawesome-reporter-videos-passed\",\n    \"value\": \"cypress\\\\e2e\\\\UI-AutomationExercise\\\\removeProducts.cy.js\"\n  },\n  {\n    \"title\": \"cypress-mochawesome-reporter-screenshots\",\n    \"value\": [\n      [\n        \"\\\\removeProducts.cy.js\\\\Automation Exercise UI\\\\Redirection to Automation Exercise_2025-08-01_08-04-09.png\"\n      ]\n    ]\n  }\n]",
              "code": "cy.get(\".shop-menu > .nav > :nth-child(2) > a\").click();\ncy.contains(\"Products\").should(\"be.visible\");\ncy.url().should(\"eq\", \"https://www.automationexercise.com/products\");\ncy.get(\".title\").should(\"be.visible\").invoke(\"text\").should(\"eq\", \"All Products\");",
              "err": {},
              "uuid": "9bab9572-a120-4ab7-8abe-01950f308e72",
              "parentUUID": "00cdce7e-13d4-4cdf-b4ec-40daa0802767",
              "isHook": false,
              "skipped": false
            },
            {
              "title": "Verify Item 1",
              "fullTitle": "Remove Products Verify Item 1",
              "timedOut": null,
              "duration": 2835,
              "state": "passed",
              "speed": "fast",
              "pass": true,
              "fail": false,
              "pending": false,
              "context": "{\n  \"title\": \"cypress-mochawesome-reporter-videos-passed\",\n  \"value\": \"cypress\\\\e2e\\\\UI-AutomationExercise\\\\removeProducts.cy.js\"\n}",
              "code": "cy.get(\":nth-child(3) > .product-image-wrapper > .single-products > .productinfo > p\").should(\"be.visible\").invoke(\"text\").should(\"eq\", \"Blue Top\");\ncy.get(\":nth-child(3) > .product-image-wrapper > .choose > .nav > li > a\").click();\ncy.url().should(\"eq\", \"https://www.automationexercise.com/product_details/1\");\ncy.get(\".product-information > h2\").should(\"be.visible\").invoke(\"text\").should(\"eq\", \"Blue Top\");\ncy.get(\"label\").should(\"be.visible\").invoke(\"text\").should(\"eq\", \"Quantity:\");\ncy.get(\"#quantity\").should(\"be.visible\").and(\"be.enabled\").clear().type(cart_qty).should(\"have.value\", cart_qty);\ncy.get(\":nth-child(5) > .btn\").should(\"be.visible\").click();",
              "err": {},
              "uuid": "26ed9307-3f80-420f-97cc-e1bc0b5af32a",
              "parentUUID": "00cdce7e-13d4-4cdf-b4ec-40daa0802767",
              "isHook": false,
              "skipped": false
            },
            {
              "title": "Verify successful item added to cart",
              "fullTitle": "Remove Products Verify successful item added to cart",
              "timedOut": null,
              "duration": 333,
              "state": "passed",
              "speed": "fast",
              "pass": true,
              "fail": false,
              "pending": false,
              "context": "{\n  \"title\": \"cypress-mochawesome-reporter-videos-passed\",\n  \"value\": \"cypress\\\\e2e\\\\UI-AutomationExercise\\\\removeProducts.cy.js\"\n}",
              "code": "cy.get(\".modal-title\").should(\"be.visible\").invoke(\"text\").should(\"eq\", \"Added!\");\ncy.get(\".modal-body > :nth-child(1)\").should(\"be.visible\").invoke(\"text\").should(\"eq\", \"Your product has been added to cart.\");\ncy.get(\".modal-footer > .btn\").should(\"be.visible\").invoke(\"text\").should(\"eq\", \"Continue Shopping\");\ncy.contains(\"View Cart\").should(\"be.visible\").invoke(\"text\").should(\"eq\", \"View Cart\");",
              "err": {},
              "uuid": "654af34d-77a0-476f-8ed8-1b298031e022",
              "parentUUID": "00cdce7e-13d4-4cdf-b4ec-40daa0802767",
              "isHook": false,
              "skipped": false
            },
            {
              "title": "Verify successful view cart",
              "fullTitle": "Remove Products Verify successful view cart",
              "timedOut": null,
              "duration": 1937,
              "state": "passed",
              "speed": "fast",
              "pass": true,
              "fail": false,
              "pending": false,
              "context": "{\n  \"title\": \"cypress-mochawesome-reporter-videos-passed\",\n  \"value\": \"cypress\\\\e2e\\\\UI-AutomationExercise\\\\removeProducts.cy.js\"\n}",
              "code": "cy.contains(\"View Cart\").click();\ncy.get(\"h4 > a\").should(\"be.visible\").invoke(\"text\").should(\"eq\", \"Blue Top\");",
              "err": {},
              "uuid": "d65d0156-83fc-4c85-a281-e21dec8b7a88",
              "parentUUID": "00cdce7e-13d4-4cdf-b4ec-40daa0802767",
              "isHook": false,
              "skipped": false
            },
            {
              "title": "Verify qty displayed is the same as input",
              "fullTitle": "Remove Products Verify qty displayed is the same as input",
              "timedOut": null,
              "duration": 107,
              "state": "passed",
              "speed": "fast",
              "pass": true,
              "fail": false,
              "pending": false,
              "context": "{\n  \"title\": \"cypress-mochawesome-reporter-videos-passed\",\n  \"value\": \"cypress\\\\e2e\\\\UI-AutomationExercise\\\\removeProducts.cy.js\"\n}",
              "code": "cy.get(\".disabled\").should(\"be.visible\").invoke(\"text\").should(\"eq\", cart_qty.toString());",
              "err": {},
              "uuid": "5fa50cd6-6ceb-4759-a92e-1ea3ea3aba3e",
              "parentUUID": "00cdce7e-13d4-4cdf-b4ec-40daa0802767",
              "isHook": false,
              "skipped": false
            },
            {
              "title": "Verify successful removal of an item in the cart",
              "fullTitle": "Remove Products Verify successful removal of an item in the cart",
              "timedOut": null,
              "duration": 460,
              "state": "passed",
              "speed": "fast",
              "pass": true,
              "fail": false,
              "pending": false,
              "context": "{\n  \"title\": \"cypress-mochawesome-reporter-videos-passed\",\n  \"value\": \"cypress\\\\e2e\\\\UI-AutomationExercise\\\\removeProducts.cy.js\"\n}",
              "code": "cy.get(\".cart_quantity_delete > .fa\").should(\"be.visible\").click();\ncy.get(\"#empty_cart\").should(\"be.visible\").invoke(\"text\").then(text => {\n  const cleanedText = text.trim().replace(/\\s+/g, \" \");\n  expect(cleanedText).to.eq(\"Cart is empty! Click here to buy products.\");\n});",
              "err": {},
              "uuid": "4ce8ea82-ddfc-4abb-92db-211deb0c05fe",
              "parentUUID": "00cdce7e-13d4-4cdf-b4ec-40daa0802767",
              "isHook": false,
              "skipped": false
            }
          ],
          "suites": [],
          "passes": [
            "9bab9572-a120-4ab7-8abe-01950f308e72",
            "26ed9307-3f80-420f-97cc-e1bc0b5af32a",
            "654af34d-77a0-476f-8ed8-1b298031e022",
            "d65d0156-83fc-4c85-a281-e21dec8b7a88",
            "5fa50cd6-6ceb-4759-a92e-1ea3ea3aba3e",
            "4ce8ea82-ddfc-4abb-92db-211deb0c05fe"
          ],
          "failures": [],
          "pending": [],
          "skipped": [],
          "duration": 17042,
          "root": false,
          "rootEmpty": false,
          "_timeout": 2000
        }
      ],
      "passes": [],
      "failures": [],
      "pending": [],
      "skipped": [],
      "duration": 0,
      "root": true,
      "rootEmpty": true,
      "_timeout": 2000
    }
  ],
  "meta": {
    "mocha": {
      "version": "7.2.0"
    },
    "mochawesome": {
      "options": {
        "quiet": false,
        "reportFilename": "Cypress Execution Test Report-2025-07-31T23-48-42-482Z",
        "saveHtml": false,
        "saveJson": true,
        "consoleReporter": "spec",
        "useInlineDiffs": false,
        "code": true
      },
      "version": "7.1.3"
    },
    "marge": {
      "options": {
        "charts": true,
        "reportPageTitle": "Test Execution Report",
        "embeddedScreenshots": true,
        "inlineAssets": true,
        "saveAllAttempts": false,
        "reportDir": "cypress\\reports\\.jsons",
        "reportFilename": "Cypress Execution Test Report-2025-07-31T23-48-42-482Z",
        "overwrite": false,
        "html": false,
        "json": true,
        "timestamp": "mmddyyyy_HHMMss",
        "autoOpen": true
      },
      "version": "6.2.0"
    }
  }
}